$ next build
▲ Next.js 16.1.6 (Turbopack)

  Creating an optimized production build ...
✓ Compiled successfully in 9.9s
  Running TypeScript ...
  Collecting page data using 15 workers ...
  Generating static pages using 15 workers (0/14) ...
  Generating static pages using 15 workers (3/14) 
  Generating static pages using 15 workers (6/14) 
  Generating static pages using 15 workers (10/14) 
prisma:error SASL: SCRAM-SERVER-FIRST-MESSAGE: client password must be a string
prisma:error SASL: SCRAM-SERVER-FIRST-MESSAGE: client password must be a string
prisma:error SASL: SCRAM-SERVER-FIRST-MESSAGE: client password must be a string
prisma:error SASL: SCRAM-SERVER-FIRST-MESSAGE: client password must be a string
prisma:error SASL: SCRAM-SERVER-FIRST-MESSAGE: client password must be a string
prisma:error SASL: SCRAM-SERVER-FIRST-MESSAGE: client password must be a string
prisma:error SASL: SCRAM-SERVER-FIRST-MESSAGE: client password must be a string
✓ Generating static pages using 15 workers (14/14) in 867.7ms
  Finalizing page optimization ...

Route (app)
┌ ○ /
├ ○ /_not-found
├ ƒ /admin
├ ƒ /admin/emails
├ ƒ /admin/guests
├ ○ /admin/login
├ ƒ /auth/unlock
├ ○ /bridal-party
├ ○ /details
├ ○ /faq
├ ○ /our-story
├ ƒ /password
├ ○ /rsvp
└ ƒ /rsvp/modify/[token]


ƒ Proxy (Middleware)

○  (Static)   prerendered as static content
ƒ  (Dynamic)  server-rendered on demand

